{
  "RSpec": {
    "coverage": {
      "/Users/dominicpadula/turing/Mod3/projects/yardsourcing/yardsourcing-sendgrid/spec/sendgrid_api_spec.rb": {
        "lines": [
          1,
          0,
          null,
          0,
          null,
          0,
          null,
          0,
          0,
          null,
          0,
          0,
          null,
          null,
          0,
          0,
          null,
          0,
          null,
          null
        ]
      },
      "/Users/dominicpadula/turing/Mod3/projects/yardsourcing/yardsourcing-sendgrid/sendgrid_api.rb": {
        "lines": [
          1,
          1,
          null,
          1,
          1,
          null,
          1,
          0,
          0,
          0,
          0,
          0,
          null,
          0,
          0,
          null,
          null
        ]
      }
    },
    "timestamp": 1618517974
  }
}
